c:\projects\visual studio 2019\source\gameengine_20190802\gameengine_20190802\debug\vc142.pdb
c:\projects\visual studio 2019\source\gameengine_20190802\gameengine_20190802\debug\vc142.idb
c:\projects\visual studio 2019\source\gameengine_20190802\gameengine_20190802\debug\ufileloader.obj
c:\projects\visual studio 2019\source\gameengine_20190802\gameengine_20190802\debug\uvertexshader.obj
c:\projects\visual studio 2019\source\gameengine_20190802\gameengine_20190802\debug\ushader.obj
c:\projects\visual studio 2019\source\gameengine_20190802\gameengine_20190802\debug\utessevaluationshader.obj
c:\projects\visual studio 2019\source\gameengine_20190802\gameengine_20190802\debug\utesscontrolshader.obj
c:\projects\visual studio 2019\source\gameengine_20190802\gameengine_20190802\debug\ugeometryshader.obj
c:\projects\visual studio 2019\source\gameengine_20190802\gameengine_20190802\debug\ufragmentshader.obj
c:\projects\visual studio 2019\source\gameengine_20190802\gameengine_20190802\debug\renderableobject.obj
c:\projects\visual studio 2019\source\gameengine_20190802\gameengine_20190802\debug\program.obj
c:\projects\visual studio 2019\source\gameengine_20190802\gameengine_20190802\debug\irenderable.obj
c:\projects\visual studio 2019\source\gameengine_20190802\gameengine_20190802\debug\camera.obj
c:\projects\visual studio 2019\source\gameengine_20190802\gameengine_20190802\debug\physicsunit.obj
c:\projects\visual studio 2019\source\gameengine_20190802\gameengine_20190802\debug\netunit.obj
c:\projects\visual studio 2019\source\gameengine_20190802\gameengine_20190802\debug\gameengine_20190802.obj
c:\projects\visual studio 2019\source\gameengine_20190802\gameengine_20190802\debug\renderingunit.obj
c:\projects\visual studio 2019\source\gameengine_20190802\gameengine_20190802\debug\engine.obj
c:\projects\visual studio 2019\source\gameengine_20190802\gameengine_20190802\debug\ushaderfilepool.obj
c:\projects\visual studio 2019\source\gameengine_20190802\gameengine_20190802\debug\unetsocket.obj
c:\projects\visual studio 2019\source\gameengine_20190802\gameengine_20190802\debug\unetconnection.obj
c:\projects\visual studio 2019\source\gameengine_20190802\gameengine_20190802\debug\uremotesocket.obj
c:\projects\visual studio 2019\source\gameengine_20190802\gameengine_20190802\debug\ulocalsocket.obj
c:\projects\visual studio 2019\source\gameengine_20190802\gameengine_20190802\debug\ulisteningsocket.obj
c:\projects\visual studio 2019\source\gameengine_20190802\gameengine_20190802\debug\uplayer.obj
c:\projects\visual studio 2019\source\gameengine_20190802\gameengine_20190802\debug\uguidmaker.obj
c:\projects\visual studio 2019\source\gameengine_20190802\gameengine_20190802\debug\iserializable.obj
c:\projects\visual studio 2019\source\gameengine_20190802\gameengine_20190802\debug\uactor.obj
c:\projects\visual studio 2019\source\gameengine_20190802\gameengine_20190802\debug\umaterial.obj
c:\projects\visual studio 2019\source\gameengine_20190802\gameengine_20190802\debug\utexture.obj
c:\projects\visual studio 2019\source\gameengine_20190802\gameengine_20190802\debug\utexturecube.obj
c:\projects\visual studio 2019\source\gameengine_20190802\gameengine_20190802\debug\utexture2d.obj
c:\projects\visual studio 2019\source\gameengine_20190802\gameengine_20190802\debug\uspotlight.obj
c:\projects\visual studio 2019\source\gameengine_20190802\gameengine_20190802\debug\upointlight.obj
c:\projects\visual studio 2019\source\gameengine_20190802\gameengine_20190802\debug\udirectionallight.obj
c:\projects\visual studio 2019\source\gameengine_20190802\gameengine_20190802\debug\uspherecomponent.obj
c:\projects\visual studio 2019\source\gameengine_20190802\gameengine_20190802\debug\ucapsulecomponent.obj
c:\projects\visual studio 2019\source\gameengine_20190802\gameengine_20190802\debug\uboxcomponent.obj
c:\projects\visual studio 2019\source\gameengine_20190802\debug\gameengine_20190802.exe
c:\projects\visual studio 2019\source\gameengine_20190802\debug\gameengine_20190802.ilk
c:\projects\visual studio 2019\source\gameengine_20190802\debug\gameengine_20190802.pdb
c:\projects\visual studio 2019\source\gameengine_20190802\gameengine_20190802\debug\gameengi.d15feacc.tlog\cl.command.1.tlog
c:\projects\visual studio 2019\source\gameengine_20190802\gameengine_20190802\debug\gameengi.d15feacc.tlog\cl.read.1.tlog
c:\projects\visual studio 2019\source\gameengine_20190802\gameengine_20190802\debug\gameengi.d15feacc.tlog\cl.write.1.tlog
c:\projects\visual studio 2019\source\gameengine_20190802\gameengine_20190802\debug\gameengi.d15feacc.tlog\link.command.1.tlog
c:\projects\visual studio 2019\source\gameengine_20190802\gameengine_20190802\debug\gameengi.d15feacc.tlog\link.read.1.tlog
c:\projects\visual studio 2019\source\gameengine_20190802\gameengine_20190802\debug\gameengi.d15feacc.tlog\link.write.1.tlog
