  glm.cpp
  CameraBase.cpp
  DirectionalLightBase.cpp
  LightBase.cpp
  PointLightBase.cpp
  SpotLightBase.cpp
  MaterialBase.cpp
  MetaObject.cpp
  PipelineRuntimeDataBase.cpp
  SceneRenderingDataBase.cpp
  TextureBase.cpp
  PipelineAssemblageInfoBase.cpp
  PipelineBase.cpp
  MeshBase.cpp
  MultiMeshBase.cpp
  ParticleBase.cpp
  ParticleSystemBase.cpp
  RendererAllocatorBase.cpp
  RendererBase.cpp
  SceneBase.cpp
  Generating Code...
  Compiling...
  RenderableObjectBase.cpp
  ShaderAssemblageInfoBase.cpp
  ShaderBase.cpp
  SpicesRendererGlobal.cpp
  Texture2DBase.cpp
  WindowBase.cpp
  Sphere.cpp
C:\Users\Regicide Ji\Desktop\Git Repos\pb-jcc\Graphics\_PBRRenderer\SpicesRenderer\SpicesRenderer\Source\Framework\Sphere\Sphere.cpp(20,32): warning C4305:  'initializing': truncation from 'double' to 'float'
C:\Users\Regicide Ji\Desktop\Git Repos\pb-jcc\Graphics\_PBRRenderer\SpicesRenderer\SpicesRenderer\Source\Framework\Sphere\Sphere.cpp(21,34): warning C4244:  'initializing': conversion from 'float' to 'unsigned int', possible loss of data
C:\Users\Regicide Ji\Desktop\Git Repos\pb-jcc\Graphics\_PBRRenderer\SpicesRenderer\SpicesRenderer\Source\Framework\Sphere\Sphere.cpp(21,32): warning C4244:  'initializing': conversion from 'float' to 'const unsigned int', possible loss of data
C:\Users\Regicide Ji\Desktop\Git Repos\pb-jcc\Graphics\_PBRRenderer\SpicesRenderer\SpicesRenderer\Source\Framework\Sphere\Sphere.cpp(22,34): warning C4244:  'initializing': conversion from 'float' to 'unsigned int', possible loss of data
  Camera_OpenGL.cpp
  DirectionalLight_OpenGL.cpp
  PointLight_OpenGL.cpp
  Material_OpenGL.cpp
  SpotLight_OpenGL.cpp
  SceneRenderingData_OpenGL.cpp
  PipelineAssemblageInfo_OpenGL.cpp
  PipelineCommonTool.cpp
  Pipeline_OpenGL.cpp
  Mesh_OpenGL.cpp
  MultiMesh_OpenGL.cpp
  ParticleSystem_OpenGL.cpp
  RendererAllocator_OpenGL.cpp
  Generating Code...
  Compiling...
  Renderer_OpenGL.cpp
  Scene_OpenGL.cpp
  ShaderAssemblageInfo_OpenGL.cpp
  Shader_OpenGL.cpp
  Texture2D_OpenGL.cpp
  Window_GLFW.cpp
C:\Users\Regicide Ji\Desktop\Git Repos\pb-jcc\Graphics\_PBRRenderer\SpicesRenderer\SpicesRenderer\Source\Framework\Sphere\Sphere.cpp(22,32): warning C4244:  'initializing': conversion from 'float' to 'const unsigned int', possible loss of data
  SpicesRenderer.cpp
  Generating Code...
C:\Users\Regicide Ji\Desktop\Git Repos\pb-jcc\Graphics\_PBRRenderer\SpicesRenderer\SpicesRenderer\Source\OpenGL\Window\Window_GLFW.cpp(302,24): warning C4018:  '<': signed/unsigned mismatch
C:\Users\Regicide Ji\Desktop\Git Repos\pb-jcc\Graphics\_PBRRenderer\SpicesRenderer\SpicesRenderer\Source\OpenGL\Window\Window_GLFW.cpp(302,24): warning C4018: C:\Users\Regicide Ji\Desktop\Git Repos\pb-jcc\Graphics\_PBRRenderer\SpicesRenderer\SpicesRenderer\Source\OpenGL\Shader\ShaderAssemblageInfo_OpenGL.h(21) : warning C4715: 'ShaderAssemblageInfo_OpenGL::GetOpenGLShaderType': not all control paths return a value
LINK : warning LNK4098: defaultlib 'LIBCMT' conflicts with use of other libs; use /NODEFAULTLIB:library
LINK : warning LNK4098: defaultlib 'MSVCRT' conflicts with use of other libs; use /NODEFAULTLIB:library
glew32s.lib(glew.obj) : warning LNK4099: PDB '' was not found with 'glew32s.lib(glew.obj)' or at ''; linking object as if no debug info
  SpicesRenderer.vcxproj -> C:\Users\Regicide Ji\Desktop\Git Repos\pb-jcc\Graphics\_PBRRenderer\SpicesRenderer\Debug\SpicesRenderer.exe
